--- COM13 connected at 0s ---
[LoRa] Beacon TX (15 bytes) — ForestCam-GW-8560, 2 images
[Election] ELECTION from DC:54:75:E4:79:D8 (pri=0xD879E475)
[Election] SUPPRESS from DC:54:75:E4:80:E4 (pri=0xE480E475)
[Election] SUPPRESS from higher priority while ACTING_GATEWAY — yielding
[Election] -> RECLAIMED

[Election] ╔══════════════════════════════════╗
[Election] ║  DEMOTED BACK TO LEAF            ║
[Election] ╚══════════════════════════════════╝

[Registry] Reset — all slots cleared
[Election] -> IDLE
[Demoted] WiFi AP restored to: ForestCam-8560
[Election] ELECTION from DC:54:75:E4:79:D8 (pri=0xD879E475)
[Election] COORDINATOR from DC:54:75:E4:79:D8 (pri=0xD879E475)
[Election] Gateway SSID cached: ForestCam-GW-79D8
[Election] Coordinator noted — gateway exists
[Election] SUPPRESS from DC:54:75:E4:80:E4 (pri=0xE480E475)
[Election] COORDINATOR from DC:54:75:E4:79:D8 (pri=0xD879E475)
[Election] Gateway SSID cached: ForestCam-GW-79D8
[Election] Coordinator noted — gateway exists
[LoRa] Beacon TX (15 bytes) — ForestCam-8560, 2 images
[LoRa] Beacon TX (15 bytes) — ForestCam-8560, 2 images
[LoRa] Beacon TX (15 bytes) — ForestCam-8560, 2 images
[Election] ELECTION from DC:54:75:E4:80:E4 (pri=0xE480E475)
[Election] ELECTION from DC:54:75:E4:80:E4 (pri=0xE480E475)
[Election] COORDINATOR from DC:54:75:E4:80:E4 (pri=0xE480E475)
[Election] Gateway SSID cached: ForestCam-GW-80E4
[Election] Coordinator noted — gateway exists

[DeepSleep] Acing deep sleep
[151689][I][DeepSleepManager.cpp:64] saveState(): DeepSleep: State saved — role=1, ssid=ForestCam-8560, imgIdx=-1, bootCount=1
[151701][I][CoapServer.cpp:79] stop(): CoapServer: Server stopped
[151712][I][DeepSleepManager.cpp:90] prepareRadioForSleep(): DeepSleep: Radio in continuous RX for DIO1 wakeup
[151722][I][DeepSleepManager.cpp:112] prepareRadioForSleep(): DeepSleep: GPIO 21/10/7/5/6/3 held for deep sleep (PA RX + SPI stable)
[151734][I][DeepSleepManager.cpp:117] enterSleep(): DeepSleep: Entering deep sleep — timer 180s, boot #1
--- COM13 disconnected at 119s ---
--- COM13 connected at 331s ---
[LoRa] Beacon TX (15 bytes) — ForestCam-8560, 2 images
[ 34252][I][StorageReader.cpp:185] openImage(): StorageReader: Opened /images/062625_18b.jpeg (84919 bytes, 83 blocks)
[ 47380][I][StorageReader.cpp:185] openImage(): StorageReader: Opened /images/1920x1080-aesthetic-glrfk0ntspz3tvxg.jpeg (27822 bytes, 28 blocks)
[LoRa] Beacon TX (15 bytes) — ForestCam-8560, 2 images
[LoRa] Beacon TX (15 bytes) — ForestCam-8560, 2 images
[Election] ELECTION from DC:54:75:E4:79:D8 (pri=0xD879E475)
[Election] COORDINATOR from DC:54:75:E4:80:E4 (pri=0xE480E475)
[Election] Gateway SSID cached: ForestCam-GW-80E4
[Election] Coordinator noted — gateway exists
[Election] ELECTION from DC:54:75:E4:79:D8 (pri=0xD879E475)
[Election] SUPPRESS from DC:54:75:E4:80:E4 (pri=0xE480E475)
[Election] COORDINATOR from DC:54:75:E4:80:E4 (pri=0xE480E475)
[Election] Gateway SSID cached: ForestCam-GW-80E4
[Election] Coordinator noted — gateway exists
[Election] COORDINATOR from DC:54:75:E4:80:E4 (pri=0xE480E475)
[Election] Gateway SSID cached: ForestCam-GW-80E4
[Election] Coordinator noted — gateway exists
[AODV] RREQ rx: orig=DC:54:75:E4:80:E4 dest=FF:FF:FF:FF:FF:FF hops=1 prevHop=DC:54:75:E4:80:E4
[AODV] I am the destination — sending RREP (seqNum=2)
[LoRa] Beacon TX (15 bytes) — ForestCam-8560, 2 images
[143610][I][StorageReader.cpp:185] openImage(): StorageReader: Opened /images/062625_18b.jpeg (84919 bytes, 83 blocks)
[LoRa] Beacon TX (15 bytes) — ForestCam-8560, 2 images
[156546][I][StorageReader.cpp:185] openImage(): StorageReader: Opened /images/1920x1080-aesthetic-glrfk0ntspz3tvxg.jpeg (27822 bytes, 28 blocks)
[LoRa] Beacon TX (15 bytes) — ForestCam-8560, 2 images
[Election] Gateway timeout (stagger=491 ms) — starting election
[Election] -> ELECTION_START
[Election] Backoff: 1727 ms
[Election] -> WAITING
[Election] COORDINATOR from DC:54:75:E4:80:E4 (pri=0xE480E475)
[Election] Gateway SSID cached: ForestCam-GW-80E4
[Election] Coordinator announced — returning to IDLE
[Election] -> IDLE
[Election] COORDINATOR from DC:54:75:E4:80:E4 (pri=0xE480E475)
[Election] Gateway SSID cached: ForestCam-GW-80E4
[Election] Coordinator noted — gateway exists
[Election] SUPPRESS from DC:54:75:E4:79:D8 (pri=0xD879E475)
[Election] COORDINATOR from DC:54:75:E4:80:E4 (pri=0xE480E475)
[Election] Gateway SSID cached: ForestCam-GW-80E4
[Election] Coordinator noted — gateway exists
[LoRa] Beacon TX (15 bytes) — ForestCam-8560, 2 images
[AODV] Route to DC:54:75:E4:80:E4 expired
[LoRa] Beacon TX (15 bytes) — ForestCam-8560, 2 images
[LoRa] Beacon TX (15 bytes) — ForestCam-8560, 2 images
[Election] ELECTION from DC:54:75:E4:79:D8 (pri=0xD879E475)
[Election] SUPPRESS from DC:54:75:E4:80:E4 (pri=0xE480E475)
[Election] COORDINATOR from DC:54:75:E4:80:E4 (pri=0xE480E475)
[Election] Gateway SSID cached: ForestCam-GW-80E4
[Election] Coordinator noted — gateway exists
[Election] COORDINATOR from DC:54:75:E4:80:E4 (pri=0xE480E475)
[Election] Gateway SSID cached: ForestCam-GW-80E4
[Election] Coordinator noted — gateway exists
